-2147483640 -2147483639 -2147483641 -2147483640 -2147483643 -2147483643 -2147483643 -2147483640 -2147483637 -2147483643 -2147483643 -2147483643 -2147483638 -2147483642 -2147483643 -2147483643 -2147483643 -2147483643 -2147483640 -2147483643 
-2147483643 -2147483642 -2147483648 -2147483643 -2147483646 -2147483646 -2147483646 -2147483643 -2147483640 -2147483646 -2147483646 -2147483646 -2147483641 -2147483645 -2147483646 -2147483646 -2147483646 -2147483646 -2147483643 -2147483646 
-2147483641 -2147483644 -12444 -2147483647 -12450 -12486 -12486 -2147483646 -2147483644 -12702 -12702 -13998 -2147483645 -2147483648 -13998 -13998 -21774 -37326 -2147483644 -37326 
-2147483637 -2147483636 -2147483646 -2147483637 -2147483640 -2147483640 -2147483640 -2147483637 -2147483634 -2147483640 -2147483640 -2147483640 -2147483635 -2147483639 -2147483640 -2147483640 -2147483640 -2147483640 -2147483637 -2147483640 
-2147483643 -2147483646 -12450 -2147483643 -12456 -12492 -12492 -2147483646 -2147483640 -12708 -12708 -14004 -2147483641 -2147483644 -14004 -14004 -21780 -37332 -2147483640 -37332 
-2147483639 -2147483638 -2147483646 -2147483639 -2147483642 -2147483642 -2147483642 -2147483639 -2147483636 -2147483642 -2147483642 -2147483642 -2147483637 -2147483641 -2147483642 -2147483642 -2147483642 -2147483642 -2147483639 -2147483642 
-2147483643 -2147483646 -12486 -2147483643 -12492 -12528 -12528 -2147483646 -2147483640 -12744 -12744 -14040 -2147483641 -2147483644 -14040 -14040 -21816 -37368 -2147483640 -37368 
-2147483637 -2147483636 -2147483644 -2147483637 -2147483640 -2147483640 -2147483640 -2147483636 -2147483634 -2147483640 -2147483640 -2147483640 -2147483635 -2147483639 -2147483640 -2147483640 -2147483640 -2147483640 -2147483635 -2147483640 
-2147483640 -2147483639 -2147483647 -2147483640 -2147483643 -2147483643 -2147483643 -2147483639 -2147483637 -2147483643 -2147483643 -2147483643 -2147483638 -2147483642 -2147483643 -2147483643 -2147483643 -2147483643 -2147483638 -2147483643 
-2147483643 -2147483642 -2147483646 -2147483643 -2147483646 -2147483646 -2147483646 -2147483642 -2147483640 -2147483646 -2147483646 -2147483646 -2147483641 -2147483645 -2147483646 -2147483646 -2147483646 -2147483646 -2147483641 -2147483646 
-2147483643 -2147483646 -12702 -2147483643 -12708 -12744 -12744 -2147483646 -2147483640 -12960 -12960 -14256 -2147483641 -2147483644 -14256 -14256 -22032 -37584 -2147483640 -37584 
-2147483633 -2147483632 -2147483645 -2147483637 -2147483641 -2147483641 -2147483641 -2147483636 -2147483634 -2147483641 -2147483641 -2147483641 -2147483635 -2147483640 -2147483641 -2147483641 -2147483641 -2147483641 -2147483636 -2147483641 
-2147483643 -2147483646 -13998 -2147483643 -14004 -14040 -14040 -2147483646 -2147483640 -14256 -14256 -15552 -2147483641 -2147483644 -15552 -15552 -23328 -38880 -2147483640 -38880 
-2147483639 -2147483642 -2147483647 -2147483639 -2147483643 -2147483643 -2147483643 -2147483642 -2147483636 -2147483643 -2147483643 -2147483643 -2147483637 -2147483642 -2147483643 -2147483643 -2147483643 -2147483643 -2147483638 -2147483643 
-2147483639 -2147483642 -2147483647 -2147483639 -2147483643 -2147483643 -2147483643 -2147483642 -2147483636 -2147483643 -2147483643 -2147483643 -2147483637 -2147483642 -2147483643 -2147483643 -2147483643 -2147483643 -2147483638 -2147483643 
-2147483643 -2147483646 -13998 -2147483643 -14004 -14040 -14040 -2147483646 -2147483640 -14256 -14256 -15552 -2147483641 -2147483644 -15552 -15552 -23328 -38880 -2147483640 -38880 
-2147483643 -2147483646 -21774 -2147483643 -21780 -21816 -21816 -2147483646 -2147483640 -22032 -22032 -23328 -2147483641 -2147483644 -23328 -23328 -31104 -46656 -2147483640 -46656 
-2147483639 -2147483642 -2147483647 -2147483639 -2147483643 -2147483643 -2147483643 -2147483642 -2147483636 -2147483643 -2147483643 -2147483643 -2147483637 -2147483642 -2147483643 -2147483643 -2147483643 -2147483643 -2147483638 -2147483643 
-2147483643 -2147483646 -37326 -2147483643 -37332 -37368 -37368 -2147483646 -2147483640 -37584 -37584 -38880 -2147483641 -2147483644 -38880 -38880 -46656 -93312 -2147483640 -93312 
-2147483640 -2147483643 -2147483648 -2147483640 -2147483644 -2147483644 -2147483644 -2147483643 -2147483637 -2147483644 -2147483644 -2147483644 -2147483638 -2147483640 -2147483644 -2147483644 -2147483644 -2147483644 -2147483636 -2147483644 
